<?xml version="1.0" encoding="UTF-8"?>
<!-- Generated by org.testng.reporters.JUnitXMLReporter -->
<testsuite hostname="DESKTOP-2JDTUAO" ignored="0" name="Command line test" tests="2" failures="0" timestamp="02 Feb 2021 08:06:28 GMT" time="6.718" errors="0">
  <testcase name="@BeforeClass setup" time="6.656" classname="hibernateassignment.TestClass1">
    <failure type="org.hibernate.AnnotationException" message="Use of @OneToMany or @ManyToMany targeting an unmapped class: com.hcl.model.Customer.CustomerFeedbacks[com.hcl.model.CustomerFeedback]">
      <![CDATA[org.hibernate.AnnotationException: Use of @OneToMany or @ManyToMany targeting an unmapped class: com.hcl.model.Customer.CustomerFeedbacks[com.hcl.model.CustomerFeedback]
at org.hibernate.cfg.annotations.CollectionBinder.bindManyToManySecondPass(CollectionBinder.java:1253)
at org.hibernate.cfg.annotations.CollectionBinder.bindStarToManySecondPass(CollectionBinder.java:810)
at org.hibernate.cfg.annotations.CollectionBinder$1.secondPass(CollectionBinder.java:735)
at org.hibernate.cfg.CollectionSecondPass.doSecondPass(CollectionSecondPass.java:54)
at org.hibernate.boot.internal.InFlightMetadataCollectorImpl.processSecondPasses(InFlightMetadataCollectorImpl.java:1640)
at org.hibernate.boot.internal.InFlightMetadataCollectorImpl.processSecondPasses(InFlightMetadataCollectorImpl.java:1608)
at org.hibernate.boot.model.process.spi.MetadataBuildingProcess.complete(MetadataBuildingProcess.java:278)
at org.hibernate.boot.model.process.spi.MetadataBuildingProcess.build(MetadataBuildingProcess.java:83)
at org.hibernate.boot.internal.MetadataBuilderImpl.build(MetadataBuilderImpl.java:417)
at org.hibernate.boot.internal.MetadataBuilderImpl.build(MetadataBuilderImpl.java:86)
at org.hibernate.boot.MetadataSources.buildMetadata(MetadataSources.java:179)
at hibernateassignment.TestClass1.setup(TestClass1.java:26)
... Removed 35 stack frames]]>
    </failure>
  </testcase> <!-- @BeforeClass setup -->
  <testcase name="saveCustomer" time="0.0" classname="hibernateassignment.TestClass1">
    <skipped/>
  </testcase> <!-- saveCustomer -->
  <testcase name="readCustomer" time="0.0" classname="hibernateassignment.TestClass1">
    <skipped/>
  </testcase> <!-- readCustomer -->
</testsuite> <!-- Command line test -->
