<?xml version="1.0" encoding="UTF-8" ?>
<testsuite tests="3" failures="1" name="hibernateassignment.TestClass1" time="23.724" errors="0" skipped="2">
  <properties>
[...]
</properties>
  <testcase classname="hibernateassignment.TestClass1" name="setup" time="7.898">
    <failure message="Use of @OneToMany or @ManyToMany targeting an unmapped class: com.hcl.model.Customer.CustomerFeedbacks[com.hcl.model.CustomerFeedback]" type="org.hibernate.AnnotationException">org.hibernate.AnnotationException: Use of @OneToMany or @ManyToMany targeting an unmapped class: com.hcl.model.Customer.CustomerFeedbacks[com.hcl.model.CustomerFeedback]
	at org.hibernate.cfg.annotations.CollectionBinder.bindManyToManySecondPass(CollectionBinder.java:1253)
	at org.hibernate.cfg.annotations.CollectionBinder.bindStarToManySecondPass(CollectionBinder.java:810)
	at org.hibernate.cfg.annotations.CollectionBinder$1.secondPass(CollectionBinder.java:735)
	at org.hibernate.cfg.CollectionSecondPass.doSecondPass(CollectionSecondPass.java:54)
	at org.hibernate.boot.internal.InFlightMetadataCollectorImpl.processSecondPasses(InFlightMetadataCollectorImpl.java:1640)
	at org.hibernate.boot.internal.InFlightMetadataCollectorImpl.processSecondPasses(InFlightMetadataCollectorImpl.java:1608)
	at org.hibernate.boot.model.process.spi.MetadataBuildingProcess.complete(MetadataBuildingProcess.java:278)
	at org.hibernate.boot.model.process.spi.MetadataBuildingProcess.build(MetadataBuildingProcess.java:83)
	at org.hibernate.boot.internal.MetadataBuilderImpl.build(MetadataBuilderImpl.java:417)
	at org.hibernate.boot.internal.MetadataBuilderImpl.build(MetadataBuilderImpl.java:86)
	at org.hibernate.boot.MetadataSources.buildMetadata(MetadataSources.java:179)
	at hibernateassignment.TestClass1.setup(TestClass1.java:26)
</failure>
    <system-out>Configuring TestNG with: org.apache.maven.surefire.testng.conf.TestNG652Configurator@66cd51c3
</system-out>
    <system-err>Feb 02, 2021 1:36:22 PM org.hibernate.Version logVersion
INFO: HHH000412: Hibernate Core {5.2.17.Final}
Feb 02, 2021 1:36:22 PM org.hibernate.cfg.Environment &lt;clinit&gt;
INFO: HHH000206: hibernate.properties not found
Feb 02, 2021 1:36:23 PM org.hibernate.annotations.common.reflection.java.JavaReflectionManager &lt;clinit&gt;
INFO: HCANN000001: Hibernate Commons Annotations {5.0.1.Final}
Feb 02, 2021 1:36:24 PM org.hibernate.engine.jdbc.connections.internal.DriverManagerConnectionProviderImpl configure
WARN: HHH10001002: Using Hibernate built-in connection pool (not for production use!)
Loading class `com.mysql.jdbc.Driver&apos;. This is deprecated. The new driver class is `com.mysql.cj.jdbc.Driver&apos;. The driver is automatically registered via the SPI and manual loading of the driver class is generally unnecessary.
Feb 02, 2021 1:36:24 PM org.hibernate.engine.jdbc.connections.internal.DriverManagerConnectionProviderImpl buildCreator
INFO: HHH10001005: using driver [com.mysql.jdbc.Driver] at URL [jdbc:mysql://localhost:3306/crm]
Feb 02, 2021 1:36:24 PM org.hibernate.engine.jdbc.connections.internal.DriverManagerConnectionProviderImpl buildCreator
INFO: HHH10001001: Connection properties: {user=Rachana, password=****, autocommit=false}
Feb 02, 2021 1:36:24 PM org.hibernate.engine.jdbc.connections.internal.DriverManagerConnectionProviderImpl buildCreator
INFO: HHH10001003: Autocommit mode: false
Feb 02, 2021 1:36:24 PM org.hibernate.engine.jdbc.connections.internal.DriverManagerConnectionProviderImpl$PooledConnections &lt;init&gt;
INFO: HHH000115: Hibernate connection pool size: 20 (min=1)
Feb 02, 2021 1:36:27 PM org.hibernate.dialect.Dialect &lt;init&gt;
INFO: HHH000400: Using dialect: org.hibernate.dialect.MySQL5Dialect
</system-err>
  </testcase>
  <testcase classname="hibernateassignment.TestClass1" name="saveCustomer" time="7.913">
    <skipped/>
  </testcase>
  <testcase classname="hibernateassignment.TestClass1" name="readCustomer" time="7.913">
    <skipped/>
  </testcase>
</testsuite>